08-06-2017 03:01:53 --- Menu created and appended to window.
08-06-2017 03:01:53 --- Main window successfully created.
08-06-2017 03:01:53 --- Text form successfully created and attached to the main window.
08-06-2017 03:01:53 --- File manager successfully created.
08-06-2017 03:01:55 --- File D:\WorkDir\Source\Repos\API\prototype_1\prototype_1\rwblock_75db675e-18d8-4ef1-99de-9738c5bf0eb9.log has been opened.
08-06-2017 03:01:55 --- File has been mapped, 25064407 bytes of data is ready for reading.
08-06-2017 03:01:58 --- Error 5 occured when setting text to the text form.
08-06-2017 05:13:22 --- Menu created and appended to window.
08-06-2017 05:13:22 --- Main window successfully created.
08-06-2017 05:13:22 --- Text form successfully created and attached to the main window.
08-06-2017 05:13:22 --- File manager successfully created.
08-06-2017 05:13:25 --- File D:\WorkDir\Source\Repos\API\prototype_1\prototype_1\rwblock_75db675e-18d8-4ef1-99de-9738c5bf0eb9.log has been opened.
08-06-2017 05:13:25 --- File has been mapped, 25064407 bytes of data is ready for reading.
08-06-2017 05:13:26 --- Error 5 occured when setting text to the text form.
========================== New instance of proto_1 opened ==========================
08-06-2017 05:47:12 --- Menu created and appended to window.
08-06-2017 05:47:12 --- Main window successfully created.
08-06-2017 05:47:12 --- Text form successfully created and attached to the main window.
08-06-2017 05:47:12 --- File manager successfully created.
08-06-2017 05:47:16 --- File D:\WorkDir\Source\Repos\API\prototype_1\prototype_1\test.txt has been opened.
08-06-2017 05:47:16 --- File has been mapped, 29 bytes of data is ready for reading.
08-06-2017 05:47:16 --- Error 5 occured when setting text to the text form.
========================== New instance of proto_1 opened ==========================
08-06-2017 05:47:19 --- Menu created and appended to window.
08-06-2017 05:47:19 --- Main window successfully created.
08-06-2017 05:47:19 --- Text form successfully created and attached to the main window.
08-06-2017 05:47:19 --- File manager successfully created.
08-06-2017 05:47:24 --- File D:\WorkDir\Source\Repos\API\prototype_1\prototype_1\rwblock_75db675e-18d8-4ef1-99de-9738c5bf0eb9.log has been opened.
08-06-2017 05:47:24 --- File has been mapped, 25064407 bytes of data is ready for reading.
08-06-2017 05:47:25 --- Error 5 occured when setting text to the text form.
========================== New instance of proto_1 opened ==========================
08-06-2017 05:47:52 --- Menu created and appended to window.
08-06-2017 05:47:52 --- Main window successfully created.
08-06-2017 05:47:52 --- Text form successfully created and attached to the main window.
08-06-2017 05:47:52 --- File manager successfully created.
08-06-2017 05:47:54 --- File D:\WorkDir\Source\Repos\API\prototype_1\prototype_1\test.txt has been opened.
08-06-2017 05:47:54 --- File has been mapped, 29 bytes of data is ready for reading.
08-06-2017 05:47:54 --- Error 5 occured when setting text to the text form.
08-06-2017 05:48:30 --- File D:\WorkDir\Source\Repos\API\prototype_1\prototype_1\rwblock_75db675e-18d8-4ef1-99de-9738c5bf0eb9.log has been opened.
08-06-2017 05:48:30 --- File has been mapped, 25064407 bytes of data is ready for reading.
08-06-2017 05:48:31 --- Text data successfully loaded to text form, going to free text data memory...
08-06-2017 05:49:03 --- File D:\WorkDir\Source\Repos\API\prototype_1\prototype_1\test.txt has been opened.
08-06-2017 05:49:03 --- File has been mapped, 29 bytes of data is ready for reading.
08-06-2017 05:49:03 --- Text data successfully loaded to text form, going to free text data memory...
08-06-2017 05:49:50 --- File D:\WorkDir\Prgn\StorageAttendant.7babcb0c-5e40-4e95-9d74-10a6504d8bf9.log has been opened.
08-06-2017 05:49:50 --- File has been mapped, 1050519 bytes of data is ready for reading.
08-06-2017 05:49:50 --- Text data successfully loaded to text form, going to free text data memory...
